#
# Copyright 2016-2021 The Reaktivity Project
#
# The Reaktivity Project licenses this file to you under the Apache License,
# version 2.0 (the "License"); you may not use this file except in compliance
# with the License. You may obtain a copy of the License at:
#
#   http://www.apache.org/licenses/LICENSE-2.0
#
# Unless required by applicable law or agreed to in writing, software
# distributed under the License is distributed on an "AS IS" BASIS, WITHOUT
# WARRANTIES OR CONDITIONS OF ANY KIND, either express or implied. See the
# License for the specific language governing permissions and limitations
# under the License.
#

property serverTransport "nukleus://streams/target#0"

accept ${serverTransport}
  option nukleus:window 8192
  option nukleus:transmission "duplex"

accepted

read nukleus:begin.ext ${amqp:beginEx()
                             .typeId(nukleus:id("amqp"))
                             .address("clients")
                             .capabilities("RECEIVE_ONLY")
                             .senderSettleMode("SETTLED")
                             .receiverSettleMode("FIRST")
                             .build()}

write nukleus:begin.ext ${amqp:beginEx()
                              .typeId(nukleus:id("amqp"))
                              .address("clients")
                              .capabilities("RECEIVE_ONLY")
                              .senderSettleMode("SETTLED")
                              .receiverSettleMode("FIRST")
                              .build()}

connected

write nukleus:data.ext ${amqp:dataEx()
                             .typeId(nukleus:id("amqp"))
                             .deliveryTag("")
                             .messageFormat(0)
                             .flags("SETTLED")
                             .bodyKind("VALUE")
                             .build()}

write [0x83 0x00 0x00 0x00 0x00 0x5F 0x36 0xBD 0xE8]

write close
