#
# Copyright 2016-2019 The Reaktivity Project
#
# The Reaktivity Project licenses this file to you under the Apache License,
# version 2.0 (the "License"); you may not use this file except in compliance
# with the License. You may obtain a copy of the License at:
#
#   http://www.apache.org/licenses/LICENSE-2.0
#
# Unless required by applicable law or agreed to in writing, software
# distributed under the License is distributed on an "AS IS" BASIS, WITHOUT
# WARRANTIES OR CONDITIONS OF ANY KIND, either express or implied. See the
# License for the specific language governing permissions and limitations
# under the License.
#

property serverTransport "nukleus://streams/target#0"

accept ${serverTransport}
  option nukleus:window 8192
  option nukleus:transmission "half-duplex"

accepted

read nukleus:begin.ext ${amqp:beginEx()
                             .containerId("c1")
                             .channel(1)
                             .address("queue://queue")
                             .role("SENDER")
                             .senderSettleMode("UNSETTLED")
                             .receiverSettleMode("FIRST")
                             .build()}
connected

write nukleus:begin.ext ${amqp:beginEx()
                              .containerId("localhost")
                              .channel(1)
                              .address("queue://queue")
                              .role("RECEIVER")
                              .senderSettleMode("UNSETTLED")
                              .receiverSettleMode("FIRST")
                              .build()}

read nukleus:data.ext ${amqp:dataEx()
                            .deliveryId(0)
                            .deliveryTag("00")
                            .messageFormat(0)
                            .build()}

read [0x00 0x53 0x77 0xa1 0x05] "Text!"
