#
# Copyright 2016-2020 The Reaktivity Project
#
# The Reaktivity Project licenses this file to you under the Apache License,
# version 2.0 (the "License"); you may not use this file except in compliance
# with the License. You may obtain a copy of the License at:
#
#   http://www.apache.org/licenses/LICENSE-2.0
#
# Unless required by applicable law or agreed to in writing, software
# distributed under the License is distributed on an "AS IS" BASIS, WITHOUT
# WARRANTIES OR CONDITIONS OF ANY KIND, either express or implied. See the
# License for the specific language governing permissions and limitations
# under the License.
#

property serverTransport "nukleus://streams/target#0"

accept ${serverTransport}
  option nukleus:window 8192
  option nukleus:transmission "duplex"

accepted
connected

# header exchange
read "AMQP" [0x00 0x01 0x00 0x00]
write "AMQP" [0x00 0x01 0x00 0x00]

# open frame exchange
read [0x00 0x00 0x00 0x1e]                                        # size = 30
     [0x02]                                                       # doff = 2
     [0x00]                                                       # type = AMQP (0)
     [0x00 0x00]                                                  # channel = 0
     [0x00 0x53 0x10]                                             # performative = open (16)
     [0xc0 0x11 0x05]                                             # list type (LIST1), length = 17, fields = 5
     [0xa1 0x06] "client"                                         # container-id = "client"
     [0x40]                                                       # hostname
     [0x40]                                                       # max-frame-size
     [0x40]                                                       # channel-max
     [0x70 0x00 0x00 0x27 0x10]                                   # idle-time-out = 10000

# empty frame to prevent timeout
write [0x00 0x00 0x00 0x08]                                       # size = 8
      [0x02]                                                      # doff = 2
      [0x00]                                                      # type = AMQP (0)
      [0x00 0x00]                                                 # channel = 0
